<?xml version="1.0" encoding="UTF-8"?>
<!-- Generated by org.testng.reporters.JUnitXMLReporter -->
<testsuite ignored="0" hostname="DESKTOP-63M1BJ0" failures="1" tests="1" name="AddToCart_HappyTestCases" time="26.229" errors="0" timestamp="2025-05-06T15:20:43 EEST">
  <testcase classname="Tests.AddToCart_HappyScenario" name="addToCart_FromHmoePage" time="6.307">
    <failure type="java.lang.AssertionError" message="expected [] but found [Your product has been added to cart.]">
      <![CDATA[java.lang.AssertionError: expected [] but found [Your product has been added to cart.]
at Tests.AddToCart_HappyScenario.addToCart_FromHmoePage(AddToCart_HappyScenario.java:36)
at java.base/java.util.ArrayList.forEach(ArrayList.java:1597)
... Removed 31 stack frames]]>
    </failure>
  </testcase> <!-- addToCart_FromHmoePage -->
</testsuite> <!-- AddToCart_HappyTestCases -->
