<?xml version="1.0" encoding="UTF-8"?>
<testng-results ignored="0" total="3" passed="3" failed="0" skipped="0">
  <reporter-output>
  </reporter-output>
  <suite started-at="2025-05-11T19:44:40 EEST" name="Checkout_Suite" finished-at="2025-05-11T19:46:20 EEST" duration-ms="100479">
    <groups>
    </groups>
    <test started-at="2025-05-11T19:44:40 EEST" name="Checkout_HappyCases" finished-at="2025-05-11T19:45:32 EEST" duration-ms="51910">
      <class name="Tests.Checkout_HappyScenario">
        <test-method is-config="true" signature="openBrowser()[pri:0, instance:Tests.Checkout_HappyScenario@1021f6c9]" started-at="2025-05-11T19:44:40 EEST" name="openBrowser" finished-at="2025-05-11T19:44:47 EEST" duration-ms="7598" status="PASS">
          <reporter-output>
          </reporter-output>
        </test-method> <!-- openBrowser -->
        <test-method signature="verifyAddress_Checkout_AfterLogin()[pri:0, instance:Tests.Checkout_HappyScenario@1021f6c9]" started-at="2025-05-11T19:44:47 EEST" name="verifyAddress_Checkout_AfterLogin" finished-at="2025-05-11T19:45:31 EEST" duration-ms="43861" status="PASS">
          <reporter-output>
          </reporter-output>
        </test-method> <!-- verifyAddress_Checkout_AfterLogin -->
        <test-method is-config="true" signature="afterTest()[pri:0, instance:Tests.Checkout_HappyScenario@1021f6c9]" started-at="2025-05-11T19:45:31 EEST" name="afterTest" finished-at="2025-05-11T19:45:32 EEST" duration-ms="403" status="PASS">
          <reporter-output>
          </reporter-output>
        </test-method> <!-- afterTest -->
      </class> <!-- Tests.Checkout_HappyScenario -->
    </test> <!-- Checkout_HappyCases -->
    <test started-at="2025-05-11T19:45:32 EEST" name="Checkout_NegativeCases" finished-at="2025-05-11T19:46:20 EEST" duration-ms="48501">
      <class name="Tests.Checkout_NegativeScenario">
        <test-method is-config="true" signature="openBrowser()[pri:0, instance:Tests.Checkout_NegativeScenario@7a8fa663]" started-at="2025-05-11T19:45:32 EEST" name="openBrowser" finished-at="2025-05-11T19:45:42 EEST" duration-ms="10412" status="PASS">
          <reporter-output>
          </reporter-output>
        </test-method> <!-- openBrowser -->
        <test-method signature="checkout_emptyCart()[pri:1, instance:Tests.Checkout_NegativeScenario@7a8fa663]" started-at="2025-05-11T19:45:42 EEST" name="checkout_emptyCart" finished-at="2025-05-11T19:45:54 EEST" duration-ms="12272" status="PASS">
          <reporter-output>
          </reporter-output>
        </test-method> <!-- checkout_emptyCart -->
        <test-method signature="checkout_WithOutLogin()[pri:2, instance:Tests.Checkout_NegativeScenario@7a8fa663]" started-at="2025-05-11T19:45:55 EEST" name="checkout_WithOutLogin" finished-at="2025-05-11T19:46:20 EEST" depends-on-methods="Tests.Checkout_NegativeScenario.checkout_emptyCart" duration-ms="25470" status="PASS">
          <reporter-output>
          </reporter-output>
        </test-method> <!-- checkout_WithOutLogin -->
        <test-method is-config="true" signature="afterTest()[pri:0, instance:Tests.Checkout_NegativeScenario@7a8fa663]" started-at="2025-05-11T19:46:20 EEST" name="afterTest" finished-at="2025-05-11T19:46:20 EEST" duration-ms="337" status="PASS">
          <reporter-output>
          </reporter-output>
        </test-method> <!-- afterTest -->
      </class> <!-- Tests.Checkout_NegativeScenario -->
    </test> <!-- Checkout_NegativeCases -->
  </suite> <!-- Checkout_Suite -->
</testng-results>
