<?xml version="1.0" encoding="UTF-8"?>
<!-- Generated by org.testng.reporters.JUnitXMLReporter -->
<testsuite ignored="0" hostname="DESKTOP-63M1BJ0" failures="0" tests="2" name="Checkout_NegativeCases" time="48.501" errors="0" timestamp="2025-05-11T19:46:20 EEST">
  <testcase classname="Tests.Checkout_NegativeScenario" name="checkout_emptyCart" time="12.272"/>
  <testcase classname="Tests.Checkout_NegativeScenario" name="checkout_WithOutLogin" time="25.47"/>
</testsuite> <!-- Checkout_NegativeCases -->
