<?xml version="1.0" encoding="UTF-8"?>
<!-- Generated by org.testng.reporters.JUnitXMLReporter -->
<testsuite ignored="0" hostname="DESKTOP-63M1BJ0" failures="3" tests="4" name="AddToCart_NegativeCases" time="29.682" errors="0" timestamp="2025-05-11T19:39:50 EEST">
  <testcase classname="Tests.AddToCart_NegativeScenario" name="addNonNumericQuantity" time="16.742"/>
  <testcase classname="Tests.AddToCart_NegativeScenario" name="addInvalidQuantityProduct" time="0.852">
    <failure type="java.lang.AssertionError" message="did not expect [Your product has been added to cart.] but found [Your product has been added to cart.]">
      <![CDATA[java.lang.AssertionError: did not expect [Your product has been added to cart.] but found [Your product has been added to cart.]
at Tests.AddToCart_NegativeScenario.addInvalidQuantityProduct(AddToCart_NegativeScenario.java:74)
at java.base/java.util.ArrayList.forEach(ArrayList.java:1597)
... Removed 30 stack frames]]>
    </failure>
  </testcase> <!-- addInvalidQuantityProduct -->
  <testcase classname="Tests.AddToCart_NegativeScenario" name="addInvalidQuantityProduct" time="0.869">
    <failure type="java.lang.AssertionError" message="did not expect [Your product has been added to cart.] but found [Your product has been added to cart.]">
      <![CDATA[java.lang.AssertionError: did not expect [Your product has been added to cart.] but found [Your product has been added to cart.]
at Tests.AddToCart_NegativeScenario.addInvalidQuantityProduct(AddToCart_NegativeScenario.java:74)
at java.base/java.util.ArrayList.forEach(ArrayList.java:1597)
... Removed 30 stack frames]]>
    </failure>
  </testcase> <!-- addInvalidQuantityProduct -->
  <testcase classname="Tests.AddToCart_NegativeScenario" name="addInvalidQuantityProduct" time="0.872">
    <failure type="java.lang.AssertionError" message="did not expect [Your product has been added to cart.] but found [Your product has been added to cart.]">
      <![CDATA[java.lang.AssertionError: did not expect [Your product has been added to cart.] but found [Your product has been added to cart.]
at Tests.AddToCart_NegativeScenario.addInvalidQuantityProduct(AddToCart_NegativeScenario.java:74)
at java.base/java.util.ArrayList.forEach(ArrayList.java:1597)
... Removed 30 stack frames]]>
    </failure>
  </testcase> <!-- addInvalidQuantityProduct -->
</testsuite> <!-- AddToCart_NegativeCases -->
