<?xml version="1.0" encoding="UTF-8"?>
<!-- Generated by org.testng.reporters.JUnitXMLReporter -->
<testsuite ignored="0" hostname="DESKTOP-63M1BJ0" failures="0" tests="3" name="AddToCart_HappyCases" time="86.172" errors="0" timestamp="2025-05-11T19:39:20 EEST">
  <testcase classname="Tests.AddToCart_HappyScenario" name="addProductToCart_FromHomePage" time="15.259"/>
  <testcase classname="Tests.AddToCart_HappyScenario" name="addTwoDifferntProductToCart_WithContinueShopping" time="47.267"/>
  <testcase classname="Tests.AddToCart_HappyScenario" name="adjustQuantity_ThenAddToCart" time="13.066"/>
</testsuite> <!-- AddToCart_HappyCases -->
